<?xml version="1.0" encoding="UTF-8"?>
<!-- Generated by org.testng.reporters.JUnitReportReporter -->
<testsuite hostname="DESKTOP-S0OT7OH" failures="0" tests="1" name="practice.SampleTest" time="138.012" errors="0" timestamp="2023-06-05T14:08:59 IST" skipped="0">
  <testcase classname="practice.SampleTest" name="m1" time="138.012"/>
  <system-out/>
</testsuite> <!-- practice.SampleTest -->
